12:00:03 **** Incremental Build of configuration Debug for project g ****
Info: Internal Builder is used for build
gcc -O0 -g3 -Wall -c -fmessage-length=0 -o "src\\g.o" "..\\src\\g.c" 
..\src\g.c: In function 'main':
..\src\g.c:23:10: warning: this 'for' clause does not guard... [-Wmisleading-indentation]
          for(i=0;i<40;i++)
          ^~~
..\src\g.c:24:22: note: ...this statement, but the latter is misleadingly indented as if it were guarded by the 'for'
          printf("_");printf("\n\n");
                      ^~~~~~
..\src\g.c:26:10: warning: this 'for' clause does not guard... [-Wmisleading-indentation]
          for(i=0;i<40;i++)
          ^~~
..\src\g.c:27:22: note: ...this statement, but the latter is misleadingly indented as if it were guarded by the 'for'
          printf("_");printf("\n\n");
                      ^~~~~~
..\src\g.c:31:10: warning: this 'for' clause does not guard... [-Wmisleading-indentation]
          for(i=0;i<40;i++)
          ^~~
..\src\g.c:32:22: note: ...this statement, but the latter is misleadingly indented as if it were guarded by the 'for'
          printf("_");printf("\n\n");
                      ^~~~~~
..\src\g.c:34:10: warning: this 'for' clause does not guard... [-Wmisleading-indentation]
          for(i=0;i<40;i++)
          ^~~
..\src\g.c:35:22: note: ...this statement, but the latter is misleadingly indented as if it were guarded by the 'for'
          printf("_");printf("\n\n");
                      ^~~~~~
gcc -o g.exe "src\\g.o" 
C:/Program Files/mingw64/bin/../lib/gcc/x86_64-w64-mingw32/8.1.0/../../../../x86_64-w64-mingw32/bin/ld.exe: cannot open output file g.exe: Permission denied
collect2.exe: error: ld returned 1 exit status

12:00:04 Build Failed. 1 errors, 4 warnings. (took 623ms)

